-------------------------------------------------------------------------------
Test set: com.bild.qa.tests.PositiveTest
-------------------------------------------------------------------------------
Tests run: 1, Failures: 0, Errors: 1, Skipped: 0, Time elapsed: 33.80 s <<< FAILURE! -- in com.bild.qa.tests.PositiveTest
com.bild.qa.tests.PositiveTest.validateFreeUserEntitlements -- Time elapsed: 33.79 s <<< ERROR!
org.openqa.selenium.WebDriverException: 
An unknown server-side error occurred while processing the command. Original error: Error attempting to start URI. Original error: Error: Error executing adbExec. Original error: 'Command '/Users/pnaggind/Library/Android/sdk/platform-tools/adb -P 5037 -s 46241FDAP002DZ shell am start -W -a android.intent.action.VIEW -d https\://www.bild.de/politik/frankreichs-ex-praesident-vor-gericht-sarkozy-der-kriminellen-vereinigung-schuldig-gesprochen-68d4fff524619b7e72e4f357 com.netbiscuits.bild.android' exited with code 1'; Command output: Starting: Intent { act=android.intent.action.VIEW dat=https://www.bild.de/... pkg=com.netbiscuits.bild.android }
Error: Activity not started, unable to resolve Intent { act=android.intent.action.VIEW dat=https://www.bild.de/... flg=0x10000000 xflg=0x4 pkg=com.netbiscuits.bild.android }

Build info: version: '4.35.0', revision: '1c58e5028b'
System info: os.name: 'Mac OS X', os.arch: 'aarch64', os.version: '15.6.1', java.version: '21.0.3'
Driver info: io.appium.java_client.android.AndroidDriver
Command: [60d38c57-13c7-473b-9a81-1706baecf8ea, executeScript {args=[{url=https://www.bild.de/politik/frankreichs-ex-praesident-vor-gericht-sarkozy-der-kriminellen-vereinigung-schuldig-gesprochen-68d4fff524619b7e72e4f357, package=com.netbiscuits.bild.android}], script=mobile: deepLink}]
Capabilities {appium:appActivity: de.bild.android.app.MainAct..., appium:appPackage: com.netbiscuits.bild.android, appium:autoGrantPermissions: true, appium:automationName: UIAutomator2, appium:databaseEnabled: false, appium:desired: {appActivity: de.bild.android.app.MainAct..., appPackage: com.netbiscuits.bild.android, autoGrantPermissions: true, automationName: UIAutomator2, deviceName: Pixel_9_Pro, platformName: ANDROID}, appium:deviceApiLevel: 36, appium:deviceManufacturer: Google, appium:deviceModel: Pixel 9 Pro, appium:deviceName: 46241FDAP002DZ, appium:deviceScreenDensity: 360, appium:deviceScreenSize: 960x2142, appium:deviceUDID: 46241FDAP002DZ, appium:javascriptEnabled: true, appium:locationContextEnabled: false, appium:networkConnectionEnabled: true, appium:pixelRatio: 2.25, appium:platformVersion: 16, appium:statBarHeight: 153, appium:takesScreenshot: true, appium:viewportRect: {height: 1989, left: 0, top: 153, width: 960}, appium:warnings: {}, appium:webStorageEnabled: false, platformName: ANDROID}
Session ID: 60d38c57-13c7-473b-9a81-1706baecf8ea
	at java.base/jdk.internal.reflect.DirectConstructorHandleAccessor.newInstance(DirectConstructorHandleAccessor.java:62)
	at java.base/java.lang.reflect.Constructor.newInstanceWithCaller(Constructor.java:502)
	at java.base/java.lang.reflect.Constructor.newInstance(Constructor.java:486)
	at org.openqa.selenium.remote.ErrorCodec.decode(ErrorCodec.java:167)
	at org.openqa.selenium.remote.codec.w3c.W3CHttpResponseCodec.decode(W3CHttpResponseCodec.java:138)
	at org.openqa.selenium.remote.codec.w3c.W3CHttpResponseCodec.decode(W3CHttpResponseCodec.java:50)
	at org.openqa.selenium.remote.HttpCommandExecutor.execute(HttpCommandExecutor.java:215)
	at io.appium.java_client.remote.AppiumCommandExecutor.execute(AppiumCommandExecutor.java:243)
	at org.openqa.selenium.remote.RemoteWebDriver.execute(RemoteWebDriver.java:557)
	at org.openqa.selenium.remote.RemoteWebDriver.executeScript(RemoteWebDriver.java:488)
	at com.bild.qa.tests.PositiveTest.validateFreeUserEntitlements(PositiveTest.java:63)
	at java.base/java.lang.reflect.Method.invoke(Method.java:580)
	at java.base/java.util.ArrayList.forEach(ArrayList.java:1596)
	at java.base/java.util.ArrayList.forEach(ArrayList.java:1596)

